<?xml version="1.0" encoding="UTF-8"?>
<testng-results ignored="0" total="2" passed="2" failed="0" skipped="0">
  <reporter-output>
  </reporter-output>
  <suite started-at="2024-06-26T17:38:20 IST" name="Suite" finished-at="2024-06-26T17:38:29 IST" duration-ms="9145">
    <groups>
    </groups>
    <test started-at="2024-06-26T17:38:20 IST" name="Test" finished-at="2024-06-26T17:38:29 IST" duration-ms="9145">
      <class name="Mytest.Program1">
        <test-method is-config="true" signature="setUp()[pri:0, instance:Mytest.Program1@353d0772]" started-at="2024-06-26T17:38:20 IST" name="setUp" finished-at="2024-06-26T17:38:26 IST" duration-ms="5759" status="PASS">
          <reporter-output>
          </reporter-output>
        </test-method> <!-- setUp -->
        <test-method signature="verifyLogo()[pri:0, instance:Mytest.Program1@353d0772]" started-at="2024-06-26T17:38:26 IST" name="verifyLogo" finished-at="2024-06-26T17:38:26 IST" duration-ms="46" status="PASS">
          <reporter-output>
          </reporter-output>
        </test-method> <!-- verifyLogo -->
        <test-method is-config="true" signature="tearDown()[pri:0, instance:Mytest.Program1@353d0772]" started-at="2024-06-26T17:38:26 IST" name="tearDown" finished-at="2024-06-26T17:38:26 IST" duration-ms="142" status="PASS">
          <reporter-output>
          </reporter-output>
        </test-method> <!-- tearDown -->
        <test-method is-config="true" signature="setUp()[pri:0, instance:Mytest.Program1@353d0772]" started-at="2024-06-26T17:38:26 IST" name="setUp" finished-at="2024-06-26T17:38:29 IST" duration-ms="3037" status="PASS">
          <reporter-output>
          </reporter-output>
        </test-method> <!-- setUp -->
        <test-method signature="verifyTitle()[pri:0, instance:Mytest.Program1@353d0772]" started-at="2024-06-26T17:38:29 IST" name="verifyTitle" finished-at="2024-06-26T17:38:29 IST" duration-ms="15" status="PASS">
          <reporter-output>
          </reporter-output>
        </test-method> <!-- verifyTitle -->
        <test-method is-config="true" signature="tearDown()[pri:0, instance:Mytest.Program1@353d0772]" started-at="2024-06-26T17:38:29 IST" name="tearDown" finished-at="2024-06-26T17:38:29 IST" duration-ms="114" status="PASS">
          <reporter-output>
          </reporter-output>
        </test-method> <!-- tearDown -->
      </class> <!-- Mytest.Program1 -->
    </test> <!-- Test -->
  </suite> <!-- Suite -->
</testng-results>
