<?xml version="1.0" encoding="UTF-8"?>
<testng-results ignored="0" total="2" passed="2" failed="0" skipped="0">
  <reporter-output>
  </reporter-output>
  <suite started-at="2024-06-26T16:15:44 IST" name="Suite" finished-at="2024-06-26T16:15:55 IST" duration-ms="10982">
    <groups>
    </groups>
    <test started-at="2024-06-26T16:15:44 IST" name="Test" finished-at="2024-06-26T16:15:55 IST" duration-ms="10982">
      <class name="Mytest.Program1">
        <test-method is-config="true" signature="setUp()[pri:0, instance:Mytest.Program1@4659191b]" started-at="2024-06-26T16:15:45 IST" name="setUp" finished-at="2024-06-26T16:15:49 IST" duration-ms="4117" status="PASS">
          <reporter-output>
          </reporter-output>
        </test-method> <!-- setUp -->
        <test-method signature="verifyLogo()[pri:0, instance:Mytest.Program1@4659191b]" started-at="2024-06-26T16:15:49 IST" name="verifyLogo" finished-at="2024-06-26T16:15:49 IST" duration-ms="547" status="PASS">
          <reporter-output>
          </reporter-output>
        </test-method> <!-- verifyLogo -->
        <test-method is-config="true" signature="tearDown()[pri:0, instance:Mytest.Program1@4659191b]" started-at="2024-06-26T16:15:49 IST" name="tearDown" finished-at="2024-06-26T16:15:50 IST" duration-ms="1290" status="PASS">
          <reporter-output>
          </reporter-output>
        </test-method> <!-- tearDown -->
        <test-method is-config="true" signature="setUp()[pri:0, instance:Mytest.Program1@4659191b]" started-at="2024-06-26T16:15:50 IST" name="setUp" finished-at="2024-06-26T16:15:55 IST" duration-ms="4236" status="PASS">
          <reporter-output>
          </reporter-output>
        </test-method> <!-- setUp -->
        <test-method signature="verifyTitle()[pri:0, instance:Mytest.Program1@4659191b]" started-at="2024-06-26T16:15:55 IST" name="verifyTitle" finished-at="2024-06-26T16:15:55 IST" duration-ms="516" status="PASS">
          <reporter-output>
          </reporter-output>
        </test-method> <!-- verifyTitle -->
        <test-method is-config="true" signature="tearDown()[pri:0, instance:Mytest.Program1@4659191b]" started-at="2024-06-26T16:15:55 IST" name="tearDown" finished-at="2024-06-26T16:15:55 IST" duration-ms="227" status="PASS">
          <reporter-output>
          </reporter-output>
        </test-method> <!-- tearDown -->
      </class> <!-- Mytest.Program1 -->
    </test> <!-- Test -->
  </suite> <!-- Suite -->
</testng-results>
